2018-12-15 13:47:24 INFO  BaseTest:30 - Test bitti.
2018-12-15 13:48:54 INFO  BaseTest:30 - Test bitti.
2018-12-15 13:54:23 INFO  BaseTest:30 - Test bitti.
2018-12-15 13:59:51 INFO  BaseTest:30 - Test bitti.
2018-12-15 15:30:45 INFO  BaseTest:30 - Test bitti.
2018-12-15 15:51:26 INFO  BaseTest:30 - Test bitti.
2018-12-15 15:54:19 INFO  BaseTest:30 - Test bitti.
2018-12-15 16:07:16 INFO  BaseTest:30 - Test bitti.
2018-12-15 16:13:02 INFO  BaseTest:30 - Test bitti.
2018-12-15 16:16:56 INFO  BaseTest:30 - Test bitti.
2018-12-15 16:18:25 INFO  BaseTest:30 - Test bitti.
2018-12-15 16:19:19 INFO  BaseTest:30 - Test bitti.
2018-12-15 16:22:15 INFO  BaseTest:30 - Test bitti.
2018-12-15 16:23:30 INFO  BaseTest:30 - Test bitti.
2018-12-15 16:24:17 INFO  BaseTest:30 - Test bitti.
2018-12-15 16:25:31 INFO  MyTest:83 - 1 saniye kadar bekleniyor.
2018-12-15 16:25:33 INFO  MyTest:61 - addedProductName : 'iPhone X Ayna Kapaklı Gold Stand Kılıf'
2018-12-15 16:25:33 INFO  MyTest:83 - 3 saniye kadar bekleniyor.
2018-12-15 16:25:40 INFO  BaseTest:30 - Test bitti.
2018-12-15 16:33:03 INFO  MyTest:89 - 1 saniye kadar bekleniyor.
2018-12-15 16:33:04 INFO  MyTest:61 - addedProductName : 'iPhone X Ayna Kapaklı Gold Stand Kılıf'
2018-12-15 16:33:04 INFO  MyTest:89 - 3 saniye kadar bekleniyor.
2018-12-15 16:33:11 INFO  BaseTest:30 - Test bitti.
2018-12-15 16:34:30 INFO  MyTest:89 - 1 saniye kadar bekleniyor.
2018-12-15 16:34:32 INFO  MyTest:61 - addedProductName : 'iPhone X Ayna Kapaklı Gold Stand Kılıf'
2018-12-15 16:34:32 INFO  MyTest:89 - 3 saniye kadar bekleniyor.
2018-12-15 16:34:38 INFO  MyTest:89 - 3 saniye kadar bekleniyor.
2018-12-15 16:34:41 INFO  BaseTest:30 - Test bitti.
2018-12-15 16:36:38 INFO  MyTest:90 - 1 saniye kadar bekleniyor.
2018-12-15 16:36:39 INFO  MyTest:61 - addedProductName : 'iPhone X Ayna Kapaklı Gold Stand Kılıf'
2018-12-15 16:36:39 INFO  MyTest:90 - 3 saniye kadar bekleniyor.
2018-12-15 16:36:46 INFO  MyTest:90 - 3 saniye kadar bekleniyor.
2018-12-15 16:37:05 INFO  BaseTest:30 - Test bitti.
2018-12-15 16:39:46 INFO  MyTest:91 - 1 saniye kadar bekleniyor.
2018-12-15 16:39:47 INFO  MyTest:61 - addedProductName : 'iPhone X Ayna Kapaklı Gold Stand Kılıf'
2018-12-15 16:39:47 INFO  MyTest:91 - 3 saniye kadar bekleniyor.
2018-12-15 16:39:54 INFO  MyTest:91 - 3 saniye kadar bekleniyor.
2018-12-15 16:39:58 INFO  MyTest:91 - 1 saniye kadar bekleniyor.
2018-12-15 16:39:59 INFO  BaseTest:30 - Test bitti.
2018-12-15 16:42:03 INFO  MyTest:91 - 1 saniye kadar bekleniyor.
2018-12-15 16:42:04 INFO  MyTest:61 - addedProductName : 'iPhone X Ayna Kapaklı Gold Stand Kılıf'
2018-12-15 16:42:04 INFO  MyTest:91 - 3 saniye kadar bekleniyor.
2018-12-15 16:42:11 INFO  MyTest:91 - 3 saniye kadar bekleniyor.
2018-12-15 16:42:15 INFO  MyTest:91 - 1 saniye kadar bekleniyor.
2018-12-15 16:42:16 INFO  BaseTest:30 - Test bitti.
2018-12-15 17:11:08 INFO  MyTest:89 - 1 saniye kadar bekleniyor.
2018-12-15 17:11:09 INFO  MyTest:61 - addedProductName : 'iPhone X Ayna Kapaklı Gold Stand Kılıf'
2018-12-15 17:11:09 INFO  MyTest:89 - 3 saniye kadar bekleniyor.
2018-12-15 17:11:19 INFO  MyTest:89 - 3 saniye kadar bekleniyor.
2018-12-15 17:11:29 INFO  MyTest:89 - 1 saniye kadar bekleniyor.
2018-12-15 17:11:30 INFO  BaseTest:30 - Test bitti.
2018-12-15 17:22:47 INFO  BaseTest:30 - Test bitti.
2018-12-15 17:23:56 INFO  BaseTest:30 - Test bitti.
2018-12-15 17:25:11 INFO  BaseTest:30 - Test bitti.
2018-12-15 17:27:50 INFO  BaseTest:30 - Test bitti.
2018-12-15 17:34:58 INFO  BaseTest:30 - Test bitti.
2018-12-15 17:36:10 INFO  BaseTest:30 - Test bitti.
2018-12-15 17:39:39 INFO  BaseTest:30 - Test bitti.
2018-12-15 17:41:50 INFO  BaseTest:30 - Test bitti.
2018-12-15 17:48:49 INFO  BaseTest:30 - Test bitti.
2018-12-15 17:53:35 INFO  BaseTest:30 - Test bitti.
2018-12-15 17:55:59 INFO  BaseTest:30 - Test bitti.
2018-12-15 17:59:43 INFO  BaseTest:30 - Test bitti.
2018-12-15 18:00:11 INFO  MyTest:91 - 1 saniye kadar bekleniyor.
2018-12-15 18:00:12 INFO  MyTest:63 - addedProductName : 'iPhone X Ayna Kapaklı Gold Stand Kılıf'
2018-12-15 18:00:12 INFO  MyTest:91 - 3 saniye kadar bekleniyor.
2018-12-15 18:00:20 INFO  MyTest:91 - 3 saniye kadar bekleniyor.
2018-12-15 18:00:24 INFO  MyTest:91 - 1 saniye kadar bekleniyor.
2018-12-15 18:00:25 INFO  BaseTest:30 - Test bitti.
2018-12-15 18:02:31 INFO  MyTest:91 - 1 saniye kadar bekleniyor.
2018-12-15 18:02:32 INFO  MyTest:63 - addedProductName : 'Baseus Safety Airbag iPhone X Kılıf Gold'
2018-12-15 18:02:32 INFO  MyTest:91 - 3 saniye kadar bekleniyor.
2018-12-15 18:02:40 INFO  MyTest:91 - 3 saniye kadar bekleniyor.
2018-12-15 18:02:44 INFO  MyTest:91 - 1 saniye kadar bekleniyor.
2018-12-15 18:02:45 INFO  BaseTest:30 - Test bitti.
2018-12-15 18:03:42 INFO  MyTest:91 - 1 saniye kadar bekleniyor.
2018-12-15 18:03:43 INFO  MyTest:63 - addedProductName : 'Baseus Safety Airbag iPhone X Kılıf Gold'
2018-12-15 18:03:43 INFO  MyTest:91 - 3 saniye kadar bekleniyor.
2018-12-15 18:03:50 INFO  MyTest:91 - 3 saniye kadar bekleniyor.
2018-12-15 18:03:54 INFO  MyTest:91 - 1 saniye kadar bekleniyor.
2018-12-15 18:03:55 INFO  BaseTest:30 - Test bitti.
2018-12-15 18:42:47 INFO  MyTest:91 - 1 saniye kadar bekleniyor.
2018-12-15 18:42:48 INFO  MyTest:63 - addedProductName : 'iPhone X Ayna Kapaklı Gold Stand Kılıf'
2018-12-15 18:42:48 INFO  MyTest:91 - 3 saniye kadar bekleniyor.
2018-12-15 18:42:56 INFO  MyTest:91 - 3 saniye kadar bekleniyor.
2018-12-15 18:43:00 INFO  MyTest:91 - 1 saniye kadar bekleniyor.
2018-12-15 18:43:01 INFO  BaseTest:30 - Test bitti.
2018-12-15 18:56:52 INFO  BaseTest:42 - Test finished.
2018-12-15 18:58:21 INFO  BaseTest:42 - Test finished.
2018-12-15 18:58:47 INFO  BaseTest:42 - Test finished.
2018-12-15 18:59:35 INFO  BaseTest:42 - Test finished.
2018-12-15 19:02:08 INFO  BaseTest:42 - Test finished.
2018-12-15 19:10:23 INFO  BaseTest:50 - 1 saniye kadar bekleniyor.
2018-12-15 19:10:40 INFO  BaseTest:42 - Test finished.
